
  SERVER  | DOMAIN  | ADDRESS | METHOD |      ROUTE      |                      HANDLER                       |    MIDDLEWARE      
----------|---------|---------|--------|-----------------|----------------------------------------------------|--------------------
  default | default | :8080   | ALL    | /swagger/*      | github.com/gogf/swagger.(*Swagger).Install.func1.1 | HOOK_BEFORE_SERVE  
----------|---------|---------|--------|-----------------|----------------------------------------------------|--------------------
  default | default | :8080   | ALL    | /v1/user/detail | enterprise-api/app/api.(*userApi).Detail           |                    
----------|---------|---------|--------|-----------------|----------------------------------------------------|--------------------
  default | default | :8080   | ALL    | /v1/user/list   | enterprise-api/app/api.(*userApi).List             |                    
----------|---------|---------|--------|-----------------|----------------------------------------------------|--------------------
 
2022-01-01 15:02:40.399 3616: http server started listening on [:8080] 

  SERVER  | DOMAIN  | ADDRESS | METHOD |      ROUTE      |                      HANDLER                       |    MIDDLEWARE      
----------|---------|---------|--------|-----------------|----------------------------------------------------|--------------------
  default | default | :8080   | ALL    | /swagger/*      | github.com/gogf/swagger.(*Swagger).Install.func1.1 | HOOK_BEFORE_SERVE  
----------|---------|---------|--------|-----------------|----------------------------------------------------|--------------------
  default | default | :8080   | ALL    | /v1/user/detail | enterprise-api/app/api.(*userApi).Detail           |                    
----------|---------|---------|--------|-----------------|----------------------------------------------------|--------------------
  default | default | :8080   | ALL    | /v1/user/list   | enterprise-api/app/api.(*userApi).List             |                    
----------|---------|---------|--------|-----------------|----------------------------------------------------|--------------------
 
2022-01-01 15:03:22.081 13404: http server started listening on [:8080] 

  SERVER  | DOMAIN  | ADDRESS | METHOD |      ROUTE      |                      HANDLER                       |    MIDDLEWARE      
----------|---------|---------|--------|-----------------|----------------------------------------------------|--------------------
  default | default | :8080   | ALL    | /swagger/*      | github.com/gogf/swagger.(*Swagger).Install.func1.1 | HOOK_BEFORE_SERVE  
----------|---------|---------|--------|-----------------|----------------------------------------------------|--------------------
  default | default | :8080   | ALL    | /v1/user/add    | enterprise-api/app/api.(*userApi).Add              |                    
----------|---------|---------|--------|-----------------|----------------------------------------------------|--------------------
  default | default | :8080   | ALL    | /v1/user/detail | enterprise-api/app/api.(*userApi).Detail           |                    
----------|---------|---------|--------|-----------------|----------------------------------------------------|--------------------
  default | default | :8080   | ALL    | /v1/user/list   | enterprise-api/app/api.(*userApi).List             |                    
----------|---------|---------|--------|-----------------|----------------------------------------------------|--------------------
 
2022-01-01 15:10:53.645 20448: http server started listening on [:8080] 

  SERVER  | DOMAIN  | ADDRESS | METHOD |      ROUTE      |                      HANDLER                       |    MIDDLEWARE      
----------|---------|---------|--------|-----------------|----------------------------------------------------|--------------------
  default | default | :8080   | ALL    | /swagger/*      | github.com/gogf/swagger.(*Swagger).Install.func1.1 | HOOK_BEFORE_SERVE  
----------|---------|---------|--------|-----------------|----------------------------------------------------|--------------------
  default | default | :8080   | ALL    | /v1/user/add    | enterprise-api/app/api.(*userApi).Add              |                    
----------|---------|---------|--------|-----------------|----------------------------------------------------|--------------------
  default | default | :8080   | ALL    | /v1/user/detail | enterprise-api/app/api.(*userApi).Detail           |                    
----------|---------|---------|--------|-----------------|----------------------------------------------------|--------------------
  default | default | :8080   | ALL    | /v1/user/list   | enterprise-api/app/api.(*userApi).List             |                    
----------|---------|---------|--------|-----------------|----------------------------------------------------|--------------------
  default | default | :8080   | ALL    | /v1/user/update | enterprise-api/app/api.(*userApi).Update           |                    
----------|---------|---------|--------|-----------------|----------------------------------------------------|--------------------
 
2022-01-01 15:11:14.957 76: http server started listening on [:8080] 

  SERVER  | DOMAIN  | ADDRESS | METHOD |      ROUTE      |                      HANDLER                       |    MIDDLEWARE      
----------|---------|---------|--------|-----------------|----------------------------------------------------|--------------------
  default | default | :8080   | ALL    | /swagger/*      | github.com/gogf/swagger.(*Swagger).Install.func1.1 | HOOK_BEFORE_SERVE  
----------|---------|---------|--------|-----------------|----------------------------------------------------|--------------------
  default | default | :8080   | ALL    | /v1/user/add    | enterprise-api/app/api.(*userApi).Add              |                    
----------|---------|---------|--------|-----------------|----------------------------------------------------|--------------------
  default | default | :8080   | ALL    | /v1/user/detail | enterprise-api/app/api.(*userApi).Detail           |                    
----------|---------|---------|--------|-----------------|----------------------------------------------------|--------------------
  default | default | :8080   | ALL    | /v1/user/list   | enterprise-api/app/api.(*userApi).List             |                    
----------|---------|---------|--------|-----------------|----------------------------------------------------|--------------------
  default | default | :8080   | ALL    | /v1/user/update | enterprise-api/app/api.(*userApi).Update           |                    
----------|---------|---------|--------|-----------------|----------------------------------------------------|--------------------
 
2022-01-01 15:11:29.245 9552: http server started listening on [:8080] 

  SERVER  | DOMAIN  | ADDRESS | METHOD |      ROUTE      |                      HANDLER                       |    MIDDLEWARE      
----------|---------|---------|--------|-----------------|----------------------------------------------------|--------------------
  default | default | :8080   | ALL    | /swagger/*      | github.com/gogf/swagger.(*Swagger).Install.func1.1 | HOOK_BEFORE_SERVE  
----------|---------|---------|--------|-----------------|----------------------------------------------------|--------------------
  default | default | :8080   | ALL    | /v1/user/add    | enterprise-api/app/api.(*userApi).Add              |                    
----------|---------|---------|--------|-----------------|----------------------------------------------------|--------------------
  default | default | :8080   | ALL    | /v1/user/delete | enterprise-api/app/api.(*userApi).Delete           |                    
----------|---------|---------|--------|-----------------|----------------------------------------------------|--------------------
  default | default | :8080   | ALL    | /v1/user/detail | enterprise-api/app/api.(*userApi).Detail           |                    
----------|---------|---------|--------|-----------------|----------------------------------------------------|--------------------
  default | default | :8080   | ALL    | /v1/user/list   | enterprise-api/app/api.(*userApi).List             |                    
----------|---------|---------|--------|-----------------|----------------------------------------------------|--------------------
  default | default | :8080   | ALL    | /v1/user/update | enterprise-api/app/api.(*userApi).Update           |                    
----------|---------|---------|--------|-----------------|----------------------------------------------------|--------------------
 
2022-01-01 15:11:41.907 20272: http server started listening on [:8080] 

  SERVER  | DOMAIN  | ADDRESS | METHOD |      ROUTE      |                      HANDLER                       |    MIDDLEWARE      
----------|---------|---------|--------|-----------------|----------------------------------------------------|--------------------
  default | default | :8080   | ALL    | /swagger/*      | github.com/gogf/swagger.(*Swagger).Install.func1.1 | HOOK_BEFORE_SERVE  
----------|---------|---------|--------|-----------------|----------------------------------------------------|--------------------
  default | default | :8080   | ALL    | /v1/user/add    | enterprise-api/app/api.(*userApi).Add              |                    
----------|---------|---------|--------|-----------------|----------------------------------------------------|--------------------
  default | default | :8080   | ALL    | /v1/user/delete | enterprise-api/app/api.(*userApi).Delete           |                    
----------|---------|---------|--------|-----------------|----------------------------------------------------|--------------------
  default | default | :8080   | ALL    | /v1/user/detail | enterprise-api/app/api.(*userApi).Detail           |                    
----------|---------|---------|--------|-----------------|----------------------------------------------------|--------------------
  default | default | :8080   | ALL    | /v1/user/list   | enterprise-api/app/api.(*userApi).List             |                    
----------|---------|---------|--------|-----------------|----------------------------------------------------|--------------------
  default | default | :8080   | ALL    | /v1/user/update | enterprise-api/app/api.(*userApi).Update           |                    
----------|---------|---------|--------|-----------------|----------------------------------------------------|--------------------
 
2022-01-01 15:11:50.324 19844: http server started listening on [:8080] 

  SERVER  | DOMAIN  | ADDRESS | METHOD |      ROUTE      |                      HANDLER                       |    MIDDLEWARE      
----------|---------|---------|--------|-----------------|----------------------------------------------------|--------------------
  default | default | :8080   | ALL    | /swagger/*      | github.com/gogf/swagger.(*Swagger).Install.func1.1 | HOOK_BEFORE_SERVE  
----------|---------|---------|--------|-----------------|----------------------------------------------------|--------------------
  default | default | :8080   | ALL    | /v1/user/add    | enterprise-api/app/api.(*userApi).Add              |                    
----------|---------|---------|--------|-----------------|----------------------------------------------------|--------------------
  default | default | :8080   | ALL    | /v1/user/delete | enterprise-api/app/api.(*userApi).Delete           |                    
----------|---------|---------|--------|-----------------|----------------------------------------------------|--------------------
  default | default | :8080   | ALL    | /v1/user/detail | enterprise-api/app/api.(*userApi).Detail           |                    
----------|---------|---------|--------|-----------------|----------------------------------------------------|--------------------
  default | default | :8080   | ALL    | /v1/user/list   | enterprise-api/app/api.(*userApi).List             |                    
----------|---------|---------|--------|-----------------|----------------------------------------------------|--------------------
  default | default | :8080   | ALL    | /v1/user/update | enterprise-api/app/api.(*userApi).Update           |                    
----------|---------|---------|--------|-----------------|----------------------------------------------------|--------------------
 
2022-01-01 15:13:50.703 17280: http server started listening on [:8080] 

  SERVER  | DOMAIN  | ADDRESS | METHOD |      ROUTE      |                      HANDLER                       |    MIDDLEWARE      
----------|---------|---------|--------|-----------------|----------------------------------------------------|--------------------
  default | default | :8080   | ALL    | /swagger/*      | github.com/gogf/swagger.(*Swagger).Install.func1.1 | HOOK_BEFORE_SERVE  
----------|---------|---------|--------|-----------------|----------------------------------------------------|--------------------
  default | default | :8080   | ALL    | /v1/user/add    | enterprise-api/app/api.(*userApi).Add              |                    
----------|---------|---------|--------|-----------------|----------------------------------------------------|--------------------
  default | default | :8080   | ALL    | /v1/user/delete | enterprise-api/app/api.(*userApi).Delete           |                    
----------|---------|---------|--------|-----------------|----------------------------------------------------|--------------------
  default | default | :8080   | ALL    | /v1/user/detail | enterprise-api/app/api.(*userApi).Detail           |                    
----------|---------|---------|--------|-----------------|----------------------------------------------------|--------------------
  default | default | :8080   | ALL    | /v1/user/list   | enterprise-api/app/api.(*userApi).List             |                    
----------|---------|---------|--------|-----------------|----------------------------------------------------|--------------------
  default | default | :8080   | ALL    | /v1/user/update | enterprise-api/app/api.(*userApi).Update           |                    
----------|---------|---------|--------|-----------------|----------------------------------------------------|--------------------
 
2022-01-01 15:19:52.806 18100: http server started listening on [:8080] 

  SERVER  | DOMAIN  | ADDRESS | METHOD |      ROUTE      |                      HANDLER                       |    MIDDLEWARE      
----------|---------|---------|--------|-----------------|----------------------------------------------------|--------------------
  default | default | :8080   | ALL    | /swagger/*      | github.com/gogf/swagger.(*Swagger).Install.func1.1 | HOOK_BEFORE_SERVE  
----------|---------|---------|--------|-----------------|----------------------------------------------------|--------------------
  default | default | :8080   | ALL    | /v1/user/add    | enterprise-api/app/api.(*userApi).Add              |                    
----------|---------|---------|--------|-----------------|----------------------------------------------------|--------------------
  default | default | :8080   | ALL    | /v1/user/delete | enterprise-api/app/api.(*userApi).Delete           |                    
----------|---------|---------|--------|-----------------|----------------------------------------------------|--------------------
  default | default | :8080   | ALL    | /v1/user/detail | enterprise-api/app/api.(*userApi).Detail           |                    
----------|---------|---------|--------|-----------------|----------------------------------------------------|--------------------
  default | default | :8080   | ALL    | /v1/user/list   | enterprise-api/app/api.(*userApi).List             |                    
----------|---------|---------|--------|-----------------|----------------------------------------------------|--------------------
  default | default | :8080   | ALL    | /v1/user/update | enterprise-api/app/api.(*userApi).Update           |                    
----------|---------|---------|--------|-----------------|----------------------------------------------------|--------------------
 
2022-01-01 15:49:51.429 2848: http server started listening on [:8080] 

  SERVER  | DOMAIN  | ADDRESS | METHOD |      ROUTE      |                      HANDLER                       |    MIDDLEWARE      
----------|---------|---------|--------|-----------------|----------------------------------------------------|--------------------
  default | default | :8080   | ALL    | /swagger/*      | github.com/gogf/swagger.(*Swagger).Install.func1.1 | HOOK_BEFORE_SERVE  
----------|---------|---------|--------|-----------------|----------------------------------------------------|--------------------
  default | default | :8080   | ALL    | /v1/user/add    | enterprise-api/app/api.(*userApi).Add              |                    
----------|---------|---------|--------|-----------------|----------------------------------------------------|--------------------
  default | default | :8080   | ALL    | /v1/user/delete | enterprise-api/app/api.(*userApi).Delete           |                    
----------|---------|---------|--------|-----------------|----------------------------------------------------|--------------------
  default | default | :8080   | ALL    | /v1/user/detail | enterprise-api/app/api.(*userApi).Detail           |                    
----------|---------|---------|--------|-----------------|----------------------------------------------------|--------------------
  default | default | :8080   | ALL    | /v1/user/list   | enterprise-api/app/api.(*userApi).List             |                    
----------|---------|---------|--------|-----------------|----------------------------------------------------|--------------------
  default | default | :8080   | ALL    | /v1/user/update | enterprise-api/app/api.(*userApi).Update           |                    
----------|---------|---------|--------|-----------------|----------------------------------------------------|--------------------
 
2022-01-01 15:51:51.196 14492: http server started listening on [:8080] 

  SERVER  | DOMAIN  | ADDRESS | METHOD |      ROUTE      |                      HANDLER                       |    MIDDLEWARE      
----------|---------|---------|--------|-----------------|----------------------------------------------------|--------------------
  default | default | :8080   | ALL    | /swagger/*      | github.com/gogf/swagger.(*Swagger).Install.func1.1 | HOOK_BEFORE_SERVE  
----------|---------|---------|--------|-----------------|----------------------------------------------------|--------------------
  default | default | :8080   | ALL    | /v1/user/add    | enterprise-api/app/api.(*userApi).Add              |                    
----------|---------|---------|--------|-----------------|----------------------------------------------------|--------------------
  default | default | :8080   | ALL    | /v1/user/delete | enterprise-api/app/api.(*userApi).Delete           |                    
----------|---------|---------|--------|-----------------|----------------------------------------------------|--------------------
  default | default | :8080   | ALL    | /v1/user/detail | enterprise-api/app/api.(*userApi).Detail           |                    
----------|---------|---------|--------|-----------------|----------------------------------------------------|--------------------
  default | default | :8080   | ALL    | /v1/user/list   | enterprise-api/app/api.(*userApi).List             |                    
----------|---------|---------|--------|-----------------|----------------------------------------------------|--------------------
  default | default | :8080   | ALL    | /v1/user/update | enterprise-api/app/api.(*userApi).Update           |                    
----------|---------|---------|--------|-----------------|----------------------------------------------------|--------------------
 
2022-01-01 16:20:31.864 17388: http server started listening on [:8080] 

  SERVER  | DOMAIN  | ADDRESS | METHOD |      ROUTE      |                      HANDLER                       |    MIDDLEWARE      
----------|---------|---------|--------|-----------------|----------------------------------------------------|--------------------
  default | default | :8080   | ALL    | /swagger/*      | github.com/gogf/swagger.(*Swagger).Install.func1.1 | HOOK_BEFORE_SERVE  
----------|---------|---------|--------|-----------------|----------------------------------------------------|--------------------
  default | default | :8080   | ALL    | /v1/user/add    | enterprise-api/app/api.(*userApi).Add              |                    
----------|---------|---------|--------|-----------------|----------------------------------------------------|--------------------
  default | default | :8080   | ALL    | /v1/user/delete | enterprise-api/app/api.(*userApi).Delete           |                    
----------|---------|---------|--------|-----------------|----------------------------------------------------|--------------------
  default | default | :8080   | ALL    | /v1/user/detail | enterprise-api/app/api.(*userApi).Detail           |                    
----------|---------|---------|--------|-----------------|----------------------------------------------------|--------------------
  default | default | :8080   | ALL    | /v1/user/list   | enterprise-api/app/api.(*userApi).List             |                    
----------|---------|---------|--------|-----------------|----------------------------------------------------|--------------------
  default | default | :8080   | ALL    | /v1/user/update | enterprise-api/app/api.(*userApi).Update           |                    
----------|---------|---------|--------|-----------------|----------------------------------------------------|--------------------
 
2022-01-01 16:20:45.037 19928: http server started listening on [:8080] 
